Import Date: 2026-03-14 14:47:26
Stats: {"total":100,"success":0,"failed":100,"skipped":0}
Log: 
Errors: Row 2: Product name is required, Valid price is required
Row 3: Product name is required, Valid price is required
Row 4: Product name is required, Valid price is required
Row 5: Product name is required, Valid price is required
Row 6: Product name is required, Valid price is required
Row 7: Product name is required, Valid price is required
Row 8: Product name is required, Valid price is required
Row 9: Product name is required, Valid price is required
Row 10: Product name is required, Valid price is required
Row 11: Product name is required, Valid price is required
Row 12: Product name is required, Valid price is required
Row 13: Product name is required, Valid price is required
Row 14: Product name is required, Valid price is required
Row 15: Product name is required, Valid price is required
Row 16: Product name is required, Valid price is required
Row 17: Product name is required, Valid price is required
Row 18: Product name is required, Valid price is required
Row 19: Product name is required, Valid price is required
Row 20: Product name is required, Valid price is required
Row 21: Product name is required, Valid price is required
Row 22: Product name is required, Valid price is required
Row 23: Product name is required, Valid price is required
Row 24: Product name is required, Valid price is required
Row 25: Product name is required, Valid price is required
Row 26: Product name is required, Valid price is required
Row 27: Product name is required, Valid price is required
Row 28: Product name is required, Valid price is required
Row 29: Product name is required, Valid price is required
Row 30: Product name is required, Valid price is required
Row 31: Product name is required, Valid price is required
Row 32: Product name is required, Valid price is required
Row 33: Product name is required, Valid price is required
Row 34: Product name is required, Valid price is required
Row 35: Product name is required, Valid price is required
Row 36: Product name is required, Valid price is required
Row 37: Product name is required, Valid price is required
Row 38: Product name is required, Valid price is required
Row 39: Product name is required, Valid price is required
Row 40: Product name is required, Valid price is required
Row 41: Product name is required, Valid price is required
Row 42: Product name is required, Valid price is required
Row 43: Product name is required, Valid price is required
Row 44: Product name is required, Valid price is required
Row 45: Product name is required, Valid price is required
Row 46: Product name is required, Valid price is required
Row 47: Product name is required, Valid price is required
Row 48: Product name is required, Valid price is required
Row 49: Product name is required, Valid price is required
Row 50: Product name is required, Valid price is required
Row 51: Product name is required, Valid price is required
Row 52: Product name is required, Valid price is required
Row 53: Product name is required, Valid price is required
Row 54: Product name is required, Valid price is required
Row 55: Product name is required, Valid price is required
Row 56: Product name is required, Valid price is required
Row 57: Product name is required, Valid price is required
Row 58: Product name is required, Valid price is required
Row 59: Product name is required, Valid price is required
Row 60: Product name is required, Valid price is required
Row 61: Product name is required, Valid price is required
Row 62: Product name is required, Valid price is required
Row 63: Product name is required, Valid price is required
Row 64: Product name is required, Valid price is required
Row 65: Product name is required, Valid price is required
Row 66: Product name is required, Valid price is required
Row 67: Product name is required, Valid price is required
Row 68: Product name is required, Valid price is required
Row 69: Product name is required, Valid price is required
Row 70: Product name is required, Valid price is required
Row 71: Product name is required, Valid price is required
Row 72: Product name is required, Valid price is required
Row 73: Product name is required, Valid price is required
Row 74: Product name is required, Valid price is required
Row 75: Product name is required, Valid price is required
Row 76: Product name is required, Valid price is required
Row 77: Product name is required, Valid price is required
Row 78: Product name is required, Valid price is required
Row 79: Product name is required, Valid price is required
Row 80: Product name is required, Valid price is required
Row 81: Product name is required, Valid price is required
Row 82: Product name is required, Valid price is required
Row 83: Product name is required, Valid price is required
Row 84: Product name is required, Valid price is required
Row 85: Product name is required, Valid price is required
Row 86: Product name is required, Valid price is required
Row 87: Product name is required, Valid price is required
Row 88: Product name is required, Valid price is required
Row 89: Product name is required, Valid price is required
Row 90: Product name is required, Valid price is required
Row 91: Product name is required, Valid price is required
Row 92: Product name is required, Valid price is required
Row 93: Product name is required, Valid price is required
Row 94: Product name is required, Valid price is required
Row 95: Product name is required, Valid price is required
Row 96: Product name is required, Valid price is required
Row 97: Product name is required, Valid price is required
Row 98: Product name is required, Valid price is required
Row 99: Product name is required, Valid price is required
Row 100: Product name is required, Valid price is required
Row 101: Product name is required, Valid price is required